<?xml version="1.0" encoding="UTF-8"?>
<!-- Generated by org.testng.reporters.JUnitXMLReporter -->
<testsuite ignored="0" hostname="DESKTOP-LBABU7R" failures="0" tests="1" name="Test-0" time="39.49" errors="0" timestamp="2025-03-03T00:18:31 BDT">
  <testcase classname="Testing.testLogin" name="Ftest" time="9.455"/>
</testsuite> <!-- Test-0 -->
