<?xml version="1.0" encoding="UTF-8"?>
<!-- Generated by org.testng.reporters.JUnitXMLReporter -->
<testsuite ignored="0" hostname="DESKTOP-LBABU7R" failures="0" tests="1" name="Test-1" time="35.071" errors="0" timestamp="2025-03-03T00:18:27 BDT">
  <testcase classname="Testing.testLogin" name="Ftest" time="8.307"/>
</testsuite> <!-- Test-1 -->
