<?xml version="1.0" encoding="UTF-8"?>
<!-- Generated by org.testng.reporters.JUnitReportReporter -->
<testsuite hostname="DESKTOP-LBABU7R" failures="0" tests="1" name="Testing.testswipe" time="5.150" errors="0" timestamp="2025-03-22T15:58:26 BDT" skipped="0">
  <testcase classname="Testing.testswipe" name="Ftest" time="5.150"/>
</testsuite> <!-- Testing.testswipe -->
