<?xml version="1.0" encoding="UTF-8"?>
<!-- Generated by org.testng.reporters.JUnitReportReporter -->
<testsuite hostname="DESKTOP-LBABU7R" failures="0" tests="1" name="Testing.testLogin" time="8.196" errors="0" timestamp="2025-03-14T22:35:21 BDT" skipped="0">
  <testcase classname="Testing.testLogin" name="passerror" time="8.196"/>
</testsuite> <!-- Testing.testLogin -->
