<?xml version="1.0" encoding="UTF-8"?>
<!-- Generated by org.testng.reporters.JUnitReportReporter -->
<testsuite hostname="DESKTOP-LBABU7R" failures="0" tests="1" name="Testing.LoginTest" time="13.762" errors="0" timestamp="2025-01-12T20:38:53 BDT" skipped="0">
  <testcase classname="Testing.LoginTest" name="LoginSuccess" time="13.762"/>
</testsuite> <!-- Testing.LoginTest -->
