<?xml version="1.0" encoding="UTF-8"?>
<!-- Generated by org.testng.reporters.JUnitReportReporter -->
<testsuite hostname="DESKTOP-LBABU7R" failures="0" tests="1" name="Testing.testdrag" time="3.084" errors="0" timestamp="2025-03-22T15:45:23 BDT" skipped="0">
  <testcase classname="Testing.testdrag" name="dragtest" time="3.084"/>
</testsuite> <!-- Testing.testdrag -->
