<?xml version="1.0" encoding="UTF-8"?>
<!-- Generated by org.testng.reporters.JUnitReportReporter -->
<testsuite hostname="DESKTOP-LBABU7R" failures="0" tests="1" name="Testing.testLogin" time="9.701" errors="0" timestamp="2025-03-03T00:33:38 BDT" skipped="0">
  <testcase classname="Testing.testLogin" name="Ftest" time="9.701"/>
</testsuite> <!-- Testing.testLogin -->
